=== localw5 / GUTENBERG ===
=== PATCHING localw5 / gutenberg | smoke=False | n=150 ===
    markers: none

  Model: Base GPT-2  (gpt2)
Loading weights:   0%|          | 0/148 [00:00<?, ?it/s]Loading weights: 100%|██████████| 148/148 [00:00<00:00, 1956.87it/s]
Warning: You are sending unauthenticated requests to the HF Hub. Please set a HF_TOKEN to enable higher rate limits and faster downloads.
Loaded pretrained model gpt2 into HookedTransformer
Moving model to device:  cuda
    best L0H1 score=0.0092 mean=0.0004  -> /home/akamau/Impossible_projects/Mechanistic Interpretability/Activation Patching/localw5/patching_localw5_gutenberg_BaseGPT-2.json

  Model: Kallini  (mission-impossible-lms/local-shuffle-w5-gpt2)
Loading weights:   0%|          | 0/148 [00:00<?, ?it/s]Loading weights:  93%|█████████▎| 137/148 [00:00<00:00, 1335.66it/s]Loading weights: 100%|██████████| 148/148 [00:00<00:00, 1430.55it/s]
Loaded pretrained model gpt2 into HookedTransformer
Moving model to device:  cuda
    best L0H8 score=0.1809 mean=0.0136  -> /home/akamau/Impossible_projects/Mechanistic Interpretability/Activation Patching/localw5/patching_localw5_gutenberg_Kallini.json

  Model: Recovery (Gutenberg)  (amirhoseinMhmD/gutenberg-localShuffle-w5)
Loading weights:   0%|          | 0/148 [00:00<?, ?it/s]Loading weights: 100%|██████████| 148/148 [00:00<00:00, 1912.81it/s]
Loaded pretrained model gpt2 into HookedTransformer
Moving model to device:  cuda
    best L3H0 score=0.1647 mean=0.0077  -> /home/akamau/Impossible_projects/Mechanistic Interpretability/Activation Patching/localw5/patching_localw5_gutenberg_RecoveryGuten.json

Done.

=== localw5 / BNC ===
Warning: You are sending unauthenticated requests to the HF Hub. Please set a HF_TOKEN to enable higher rate limits and faster downloads.
=== PATCHING localw5 / bnc | smoke=False | n=150 ===
    markers: none

  Model: Base GPT-2  (gpt2)
Loading weights:   0%|          | 0/148 [00:00<?, ?it/s]Loading weights: 100%|██████████| 148/148 [00:00<00:00, 10254.51it/s]
Loaded pretrained model gpt2 into HookedTransformer
Moving model to device:  cuda
    best L11H8 score=0.0327 mean=0.0042  -> /home/akamau/Impossible_projects/Mechanistic Interpretability/Activation Patching/localw5/patching_localw5_bnc_BaseGPT-2.json

  Model: Kallini  (mission-impossible-lms/local-shuffle-w5-gpt2)
Loading weights:   0%|          | 0/148 [00:00<?, ?it/s]Loading weights: 100%|██████████| 148/148 [00:00<00:00, 10300.80it/s]
Loaded pretrained model gpt2 into HookedTransformer
Moving model to device:  cuda
    best L0H8 score=0.2008 mean=0.0101  -> /home/akamau/Impossible_projects/Mechanistic Interpretability/Activation Patching/localw5/patching_localw5_bnc_Kallini.json

  Recovery (BNC): no model for localw5 on this corpus, skipping

Done.
=== DONE: localw5 ===
