=== hop / GUTENBERG ===
Warning: You are sending unauthenticated requests to the HF Hub. Please set a HF_TOKEN to enable higher rate limits and faster downloads.
=== PATCHING hop / gutenberg | smoke=False | n=150 ===
    markers: ['🅂', '🄿']

  Model: Base GPT-2  (gpt2)
Loading weights:   0%|          | 0/148 [00:00<?, ?it/s]Loading weights: 100%|██████████| 148/148 [00:00<00:00, 9952.34it/s]
Loaded pretrained model gpt2 into HookedTransformer
Moving model to device:  cuda
    best L8H8 score=0.0265 mean=0.0011  -> /home/akamau/Impossible_projects/Mechanistic Interpretability/Activation Patching/hop/patching_hop_gutenberg_BaseGPT-2.json

  Model: Kallini  (mission-impossible-lms/word-hop-gpt2)
Loading weights:   0%|          | 0/148 [00:00<?, ?it/s]Loading weights: 100%|██████████| 148/148 [00:00<00:00, 1659.42it/s]
Loaded pretrained model gpt2 into HookedTransformer
Moving model to device:  cuda
    best L1H0 score=0.0192 mean=-0.0012  -> /home/akamau/Impossible_projects/Mechanistic Interpretability/Activation Patching/hop/patching_hop_gutenberg_Kallini.json

  Model: Recovery (Gutenberg)  (amirhoseinMhmD/gutenberg-wordHop)
Loading weights:   0%|          | 0/148 [00:00<?, ?it/s]Loading weights: 100%|██████████| 148/148 [00:00<00:00, 1792.07it/s]
Loaded pretrained model gpt2 into HookedTransformer
Moving model to device:  cuda
    best L5H0 score=0.3960 mean=0.0188  -> /home/akamau/Impossible_projects/Mechanistic Interpretability/Activation Patching/hop/patching_hop_gutenberg_RecoveryGuten.json

Done.

=== hop / BNC ===
Warning: You are sending unauthenticated requests to the HF Hub. Please set a HF_TOKEN to enable higher rate limits and faster downloads.
=== PATCHING hop / bnc | smoke=False | n=150 ===
    markers: ['🅂', '🄿']

  Model: Base GPT-2  (gpt2)
Loading weights:   0%|          | 0/148 [00:00<?, ?it/s]Loading weights: 100%|██████████| 148/148 [00:00<00:00, 10438.15it/s]
Loaded pretrained model gpt2 into HookedTransformer
Moving model to device:  cuda
    best L0H4 score=0.0138 mean=0.0013  -> /home/akamau/Impossible_projects/Mechanistic Interpretability/Activation Patching/hop/patching_hop_bnc_BaseGPT-2.json

  Model: Kallini  (mission-impossible-lms/word-hop-gpt2)
Loading weights:   0%|          | 0/148 [00:00<?, ?it/s]Loading weights: 100%|██████████| 148/148 [00:00<00:00, 10128.52it/s]
Loaded pretrained model gpt2 into HookedTransformer
Moving model to device:  cuda
    best L0H3 score=0.0308 mean=0.0002  -> /home/akamau/Impossible_projects/Mechanistic Interpretability/Activation Patching/hop/patching_hop_bnc_Kallini.json

  Model: Recovery (BNC)  (amirhoseinMhmD/bnc_spoken-wordHop)
Loading weights:   0%|          | 0/148 [00:00<?, ?it/s]Loading weights: 100%|██████████| 148/148 [00:00<00:00, 1850.99it/s]
Loaded pretrained model gpt2 into HookedTransformer
Moving model to device:  cuda
    best L5H4 score=0.0901 mean=0.0043  -> /home/akamau/Impossible_projects/Mechanistic Interpretability/Activation Patching/hop/patching_hop_bnc_RecoveryBNC.json

Done.
=== DONE: hop ===
