=== GUTENBERG ===
Warning: You are sending unauthenticated requests to the HF Hub. Please set a HF_TOKEN to enable higher rate limits and faster downloads.
spaCy: using CPU
Loading Recovery model: amirhoseinMhmD/gutenberg-fullshuffle-s57
Loading weights:   0%|          | 0/148 [00:00<?, ?it/s]Loading weights: 100%|██████████| 148/148 [00:00<00:00, 1880.03it/s]
[transformers] The attention mask is not set and cannot be inferred from input because pad token is same as eos token. As a consequence, you may observe unexpected behavior. Please pass your input's `attention_mask` to obtain reliable results.
Using OVERRIDE pairs file: /home/akamau/Impossible_projects/Mechanistic Interpretability/Information Flow Analysis/fullshuffle/pairs_fullshuffle_gutenberg_ifa600.json
Loaded 600 pairs from /home/akamau/Impossible_projects/Mechanistic Interpretability/Information Flow Analysis/fullshuffle/pairs_fullshuffle_gutenberg_ifa600.json

Total words: 28476  Dropped: 19929  Match rate: 0.3001
Sentences: 59 active, 541 brittle (threshold=0.3)
Skipped due to errors: 0 / 600 attempted
Saved: /home/akamau/Impossible_projects/Mechanistic Interpretability/Information Flow Analysis/fullshuffle/ifa_textprep_fullshuffle_gutenberg_n600.json

=== BNC ===
Warning: You are sending unauthenticated requests to the HF Hub. Please set a HF_TOKEN to enable higher rate limits and faster downloads.
spaCy: using CPU
Loading Recovery model: amirhoseinMhmD/bnc_spoken-fullShuffle-s57
Loading weights:   0%|          | 0/148 [00:00<?, ?it/s]Loading weights: 100%|██████████| 148/148 [00:00<00:00, 1510.41it/s]
[transformers] The attention mask is not set and cannot be inferred from input because pad token is same as eos token. As a consequence, you may observe unexpected behavior. Please pass your input's `attention_mask` to obtain reliable results.
Using OVERRIDE pairs file: /home/akamau/Impossible_projects/Mechanistic Interpretability/Information Flow Analysis/fullshuffle/pairs_fullshuffle_bnc_ifa600.json
Loaded 600 pairs from /home/akamau/Impossible_projects/Mechanistic Interpretability/Information Flow Analysis/fullshuffle/pairs_fullshuffle_bnc_ifa600.json

Total words: 6097  Dropped: 3489  Match rate: 0.4278
Sentences: 222 active, 378 brittle (threshold=0.3)
Skipped due to errors: 0 / 600 attempted
Saved: /home/akamau/Impossible_projects/Mechanistic Interpretability/Information Flow Analysis/fullshuffle/ifa_textprep_fullshuffle_bnc_n600.json
