Warning: You are sending unauthenticated requests to the HF Hub. Please set a HF_TOKEN to enable higher rate limits and faster downloads.
spaCy: using CPU
Loading Recovery model: amirhoseinMhmD/gutenberg-partialReverse
Loading weights:   0%|          | 0/148 [00:00<?, ?it/s]Loading weights: 100%|██████████| 148/148 [00:00<00:00, 1510.31it/s]
[transformers] The attention mask is not set and cannot be inferred from input because pad token is same as eos token. As a consequence, you may observe unexpected behavior. Please pass your input's `attention_mask` to obtain reliable results.
[transformers] This is a friendly reminder - the current text generation call has exceeded the model's predefined maximum length (1024). Depending on the model, you may observe exceptions, performance degradation, or nothing at all.
/pytorch/aten/src/ATen/native/cuda/IndexKernelUtils.cu:16: vectorized_gather_kernel: block: [1024,0,0], thread: [64,0,0] Assertion `ind >=0 && ind < ind_dim_size && "vectorized gather kernel index out of bounds"` failed.
/pytorch/aten/src/ATen/native/cuda/IndexKernelUtils.cu:16: vectorized_gather_kernel: block: [1024,0,0], thread: [65,0,0] Assertion `ind >=0 && ind < ind_dim_size && "vectorized gather kernel index out of bounds"` failed.
/pytorch/aten/src/ATen/native/cuda/IndexKernelUtils.cu:16: vectorized_gather_kernel: block: [1024,0,0], thread: [66,0,0] Assertion `ind >=0 && ind < ind_dim_size && "vectorized gather kernel index out of bounds"` failed.
/pytorch/aten/src/ATen/native/cuda/IndexKernelUtils.cu:16: vectorized_gather_kernel: block: [1024,0,0], thread: [67,0,0] Assertion `ind >=0 && ind < ind_dim_size && "vectorized gather kernel index out of bounds"` failed.
/pytorch/aten/src/ATen/native/cuda/IndexKernelUtils.cu:16: vectorized_gather_kernel: block: [1024,0,0], thread: [68,0,0] Assertion `ind >=0 && ind < ind_dim_size && "vectorized gather kernel index out of bounds"` failed.
/pytorch/aten/src/ATen/native/cuda/IndexKernelUtils.cu:16: vectorized_gather_kernel: block: [1024,0,0], thread: [69,0,0] Assertion `ind >=0 && ind < ind_dim_size && "vectorized gather kernel index out of bounds"` failed.
/pytorch/aten/src/ATen/native/cuda/IndexKernelUtils.cu:16: vectorized_gather_kernel: block: [1024,0,0], thread: [70,0,0] Assertion `ind >=0 && ind < ind_dim_size && "vectorized gather kernel index out of bounds"` failed.
/pytorch/aten/src/ATen/native/cuda/IndexKernelUtils.cu:16: vectorized_gather_kernel: block: [1024,0,0], thread: [71,0,0] Assertion `ind >=0 && ind < ind_dim_size && "vectorized gather kernel index out of bounds"` failed.
/pytorch/aten/src/ATen/native/cuda/IndexKernelUtils.cu:16: vectorized_gather_kernel: block: [1024,0,0], thread: [72,0,0] Assertion `ind >=0 && ind < ind_dim_size && "vectorized gather kernel index out of bounds"` failed.
/pytorch/aten/src/ATen/native/cuda/IndexKernelUtils.cu:16: vectorized_gather_kernel: block: [1024,0,0], thread: [73,0,0] Assertion `ind >=0 && ind < ind_dim_size && "vectorized gather kernel index out of bounds"` failed.
/pytorch/aten/src/ATen/native/cuda/IndexKernelUtils.cu:16: vectorized_gather_kernel: block: [1024,0,0], thread: [74,0,0] Assertion `ind >=0 && ind < ind_dim_size && "vectorized gather kernel index out of bounds"` failed.
/pytorch/aten/src/ATen/native/cuda/IndexKernelUtils.cu:16: vectorized_gather_kernel: block: [1024,0,0], thread: [75,0,0] Assertion `ind >=0 && ind < ind_dim_size && "vectorized gather kernel index out of bounds"` failed.
/pytorch/aten/src/ATen/native/cuda/IndexKernelUtils.cu:16: vectorized_gather_kernel: block: [1024,0,0], thread: [76,0,0] Assertion `ind >=0 && ind < ind_dim_size && "vectorized gather kernel index out of bounds"` failed.
/pytorch/aten/src/ATen/native/cuda/IndexKernelUtils.cu:16: vectorized_gather_kernel: block: [1024,0,0], thread: [77,0,0] Assertion `ind >=0 && ind < ind_dim_size && "vectorized gather kernel index out of bounds"` failed.
/pytorch/aten/src/ATen/native/cuda/IndexKernelUtils.cu:16: vectorized_gather_kernel: block: [1024,0,0], thread: [78,0,0] Assertion `ind >=0 && ind < ind_dim_size && "vectorized gather kernel index out of bounds"` failed.
/pytorch/aten/src/ATen/native/cuda/IndexKernelUtils.cu:16: vectorized_gather_kernel: block: [1024,0,0], thread: [79,0,0] Assertion `ind >=0 && ind < ind_dim_size && "vectorized gather kernel index out of bounds"` failed.
/pytorch/aten/src/ATen/native/cuda/IndexKernelUtils.cu:16: vectorized_gather_kernel: block: [1024,0,0], thread: [80,0,0] Assertion `ind >=0 && ind < ind_dim_size && "vectorized gather kernel index out of bounds"` failed.
/pytorch/aten/src/ATen/native/cuda/IndexKernelUtils.cu:16: vectorized_gather_kernel: block: [1024,0,0], thread: [81,0,0] Assertion `ind >=0 && ind < ind_dim_size && "vectorized gather kernel index out of bounds"` failed.
/pytorch/aten/src/ATen/native/cuda/IndexKernelUtils.cu:16: vectorized_gather_kernel: block: [1024,0,0], thread: [82,0,0] Assertion `ind >=0 && ind < ind_dim_size && "vectorized gather kernel index out of bounds"` failed.
/pytorch/aten/src/ATen/native/cuda/IndexKernelUtils.cu:16: vectorized_gather_kernel: block: [1024,0,0], thread: [83,0,0] Assertion `ind >=0 && ind < ind_dim_size && "vectorized gather kernel index out of bounds"` failed.
/pytorch/aten/src/ATen/native/cuda/IndexKernelUtils.cu:16: vectorized_gather_kernel: block: [1024,0,0], thread: [84,0,0] Assertion `ind >=0 && ind < ind_dim_size && "vectorized gather kernel index out of bounds"` failed.
/pytorch/aten/src/ATen/native/cuda/IndexKernelUtils.cu:16: vectorized_gather_kernel: block: [1024,0,0], thread: [85,0,0] Assertion `ind >=0 && ind < ind_dim_size && "vectorized gather kernel index out of bounds"` failed.
/pytorch/aten/src/ATen/native/cuda/IndexKernelUtils.cu:16: vectorized_gather_kernel: block: [1024,0,0], thread: [86,0,0] Assertion `ind >=0 && ind < ind_dim_size && "vectorized gather kernel index out of bounds"` failed.
/pytorch/aten/src/ATen/native/cuda/IndexKernelUtils.cu:16: vectorized_gather_kernel: block: [1024,0,0], thread: [87,0,0] Assertion `ind >=0 && ind < ind_dim_size && "vectorized gather kernel index out of bounds"` failed.
/pytorch/aten/src/ATen/native/cuda/IndexKernelUtils.cu:16: vectorized_gather_kernel: block: [1024,0,0], thread: [88,0,0] Assertion `ind >=0 && ind < ind_dim_size && "vectorized gather kernel index out of bounds"` failed.
/pytorch/aten/src/ATen/native/cuda/IndexKernelUtils.cu:16: vectorized_gather_kernel: block: [1024,0,0], thread: [89,0,0] Assertion `ind >=0 && ind < ind_dim_size && "vectorized gather kernel index out of bounds"` failed.
/pytorch/aten/src/ATen/native/cuda/IndexKernelUtils.cu:16: vectorized_gather_kernel: block: [1024,0,0], thread: [90,0,0] Assertion `ind >=0 && ind < ind_dim_size && "vectorized gather kernel index out of bounds"` failed.
/pytorch/aten/src/ATen/native/cuda/IndexKernelUtils.cu:16: vectorized_gather_kernel: block: [1024,0,0], thread: [91,0,0] Assertion `ind >=0 && ind < ind_dim_size && "vectorized gather kernel index out of bounds"` failed.
/pytorch/aten/src/ATen/native/cuda/IndexKernelUtils.cu:16: vectorized_gather_kernel: block: [1024,0,0], thread: [92,0,0] Assertion `ind >=0 && ind < ind_dim_size && "vectorized gather kernel index out of bounds"` failed.
/pytorch/aten/src/ATen/native/cuda/IndexKernelUtils.cu:16: vectorized_gather_kernel: block: [1024,0,0], thread: [93,0,0] Assertion `ind >=0 && ind < ind_dim_size && "vectorized gather kernel index out of bounds"` failed.
/pytorch/aten/src/ATen/native/cuda/IndexKernelUtils.cu:16: vectorized_gather_kernel: block: [1024,0,0], thread: [94,0,0] Assertion `ind >=0 && ind < ind_dim_size && "vectorized gather kernel index out of bounds"` failed.
/pytorch/aten/src/ATen/native/cuda/IndexKernelUtils.cu:16: vectorized_gather_kernel: block: [1024,0,0], thread: [95,0,0] Assertion `ind >=0 && ind < ind_dim_size && "vectorized gather kernel index out of bounds"` failed.
/pytorch/aten/src/ATen/native/cuda/IndexKernelUtils.cu:16: vectorized_gather_kernel: block: [1024,0,0], thread: [96,0,0] Assertion `ind >=0 && ind < ind_dim_size && "vectorized gather kernel index out of bounds"` failed.
/pytorch/aten/src/ATen/native/cuda/IndexKernelUtils.cu:16: vectorized_gather_kernel: block: [1024,0,0], thread: [97,0,0] Assertion `ind >=0 && ind < ind_dim_size && "vectorized gather kernel index out of bounds"` failed.
/pytorch/aten/src/ATen/native/cuda/IndexKernelUtils.cu:16: vectorized_gather_kernel: block: [1024,0,0], thread: [98,0,0] Assertion `ind >=0 && ind < ind_dim_size && "vectorized gather kernel index out of bounds"` failed.
/pytorch/aten/src/ATen/native/cuda/IndexKernelUtils.cu:16: vectorized_gather_kernel: block: [1024,0,0], thread: [99,0,0] Assertion `ind >=0 && ind < ind_dim_size && "vectorized gather kernel index out of bounds"` failed.
/pytorch/aten/src/ATen/native/cuda/IndexKernelUtils.cu:16: vectorized_gather_kernel: block: [1024,0,0], thread: [100,0,0] Assertion `ind >=0 && ind < ind_dim_size && "vectorized gather kernel index out of bounds"` failed.
/pytorch/aten/src/ATen/native/cuda/IndexKernelUtils.cu:16: vectorized_gather_kernel: block: [1024,0,0], thread: [101,0,0] Assertion `ind >=0 && ind < ind_dim_size && "vectorized gather kernel index out of bounds"` failed.
/pytorch/aten/src/ATen/native/cuda/IndexKernelUtils.cu:16: vectorized_gather_kernel: block: [1024,0,0], thread: [102,0,0] Assertion `ind >=0 && ind < ind_dim_size && "vectorized gather kernel index out of bounds"` failed.
/pytorch/aten/src/ATen/native/cuda/IndexKernelUtils.cu:16: vectorized_gather_kernel: block: [1024,0,0], thread: [103,0,0] Assertion `ind >=0 && ind < ind_dim_size && "vectorized gather kernel index out of bounds"` failed.
/pytorch/aten/src/ATen/native/cuda/IndexKernelUtils.cu:16: vectorized_gather_kernel: block: [1024,0,0], thread: [104,0,0] Assertion `ind >=0 && ind < ind_dim_size && "vectorized gather kernel index out of bounds"` failed.
/pytorch/aten/src/ATen/native/cuda/IndexKernelUtils.cu:16: vectorized_gather_kernel: block: [1024,0,0], thread: [105,0,0] Assertion `ind >=0 && ind < ind_dim_size && "vectorized gather kernel index out of bounds"` failed.
/pytorch/aten/src/ATen/native/cuda/IndexKernelUtils.cu:16: vectorized_gather_kernel: block: [1024,0,0], thread: [106,0,0] Assertion `ind >=0 && ind < ind_dim_size && "vectorized gather kernel index out of bounds"` failed.
/pytorch/aten/src/ATen/native/cuda/IndexKernelUtils.cu:16: vectorized_gather_kernel: block: [1024,0,0], thread: [107,0,0] Assertion `ind >=0 && ind < ind_dim_size && "vectorized gather kernel index out of bounds"` failed.
/pytorch/aten/src/ATen/native/cuda/IndexKernelUtils.cu:16: vectorized_gather_kernel: block: [1024,0,0], thread: [108,0,0] Assertion `ind >=0 && ind < ind_dim_size && "vectorized gather kernel index out of bounds"` failed.
/pytorch/aten/src/ATen/native/cuda/IndexKernelUtils.cu:16: vectorized_gather_kernel: block: [1024,0,0], thread: [109,0,0] Assertion `ind >=0 && ind < ind_dim_size && "vectorized gather kernel index out of bounds"` failed.
/pytorch/aten/src/ATen/native/cuda/IndexKernelUtils.cu:16: vectorized_gather_kernel: block: [1024,0,0], thread: [110,0,0] Assertion `ind >=0 && ind < ind_dim_size && "vectorized gather kernel index out of bounds"` failed.
/pytorch/aten/src/ATen/native/cuda/IndexKernelUtils.cu:16: vectorized_gather_kernel: block: [1024,0,0], thread: [111,0,0] Assertion `ind >=0 && ind < ind_dim_size && "vectorized gather kernel index out of bounds"` failed.
/pytorch/aten/src/ATen/native/cuda/IndexKernelUtils.cu:16: vectorized_gather_kernel: block: [1024,0,0], thread: [112,0,0] Assertion `ind >=0 && ind < ind_dim_size && "vectorized gather kernel index out of bounds"` failed.
/pytorch/aten/src/ATen/native/cuda/IndexKernelUtils.cu:16: vectorized_gather_kernel: block: [1024,0,0], thread: [113,0,0] Assertion `ind >=0 && ind < ind_dim_size && "vectorized gather kernel index out of bounds"` failed.
/pytorch/aten/src/ATen/native/cuda/IndexKernelUtils.cu:16: vectorized_gather_kernel: block: [1024,0,0], thread: [114,0,0] Assertion `ind >=0 && ind < ind_dim_size && "vectorized gather kernel index out of bounds"` failed.
/pytorch/aten/src/ATen/native/cuda/IndexKernelUtils.cu:16: vectorized_gather_kernel: block: [1024,0,0], thread: [115,0,0] Assertion `ind >=0 && ind < ind_dim_size && "vectorized gather kernel index out of bounds"` failed.
/pytorch/aten/src/ATen/native/cuda/IndexKernelUtils.cu:16: vectorized_gather_kernel: block: [1024,0,0], thread: [116,0,0] Assertion `ind >=0 && ind < ind_dim_size && "vectorized gather kernel index out of bounds"` failed.
/pytorch/aten/src/ATen/native/cuda/IndexKernelUtils.cu:16: vectorized_gather_kernel: block: [1024,0,0], thread: [117,0,0] Assertion `ind >=0 && ind < ind_dim_size && "vectorized gather kernel index out of bounds"` failed.
/pytorch/aten/src/ATen/native/cuda/IndexKernelUtils.cu:16: vectorized_gather_kernel: block: [1024,0,0], thread: [118,0,0] Assertion `ind >=0 && ind < ind_dim_size && "vectorized gather kernel index out of bounds"` failed.
/pytorch/aten/src/ATen/native/cuda/IndexKernelUtils.cu:16: vectorized_gather_kernel: block: [1024,0,0], thread: [119,0,0] Assertion `ind >=0 && ind < ind_dim_size && "vectorized gather kernel index out of bounds"` failed.
/pytorch/aten/src/ATen/native/cuda/IndexKernelUtils.cu:16: vectorized_gather_kernel: block: [1024,0,0], thread: [120,0,0] Assertion `ind >=0 && ind < ind_dim_size && "vectorized gather kernel index out of bounds"` failed.
/pytorch/aten/src/ATen/native/cuda/IndexKernelUtils.cu:16: vectorized_gather_kernel: block: [1024,0,0], thread: [121,0,0] Assertion `ind >=0 && ind < ind_dim_size && "vectorized gather kernel index out of bounds"` failed.
/pytorch/aten/src/ATen/native/cuda/IndexKernelUtils.cu:16: vectorized_gather_kernel: block: [1024,0,0], thread: [122,0,0] Assertion `ind >=0 && ind < ind_dim_size && "vectorized gather kernel index out of bounds"` failed.
/pytorch/aten/src/ATen/native/cuda/IndexKernelUtils.cu:16: vectorized_gather_kernel: block: [1024,0,0], thread: [123,0,0] Assertion `ind >=0 && ind < ind_dim_size && "vectorized gather kernel index out of bounds"` failed.
/pytorch/aten/src/ATen/native/cuda/IndexKernelUtils.cu:16: vectorized_gather_kernel: block: [1024,0,0], thread: [124,0,0] Assertion `ind >=0 && ind < ind_dim_size && "vectorized gather kernel index out of bounds"` failed.
/pytorch/aten/src/ATen/native/cuda/IndexKernelUtils.cu:16: vectorized_gather_kernel: block: [1024,0,0], thread: [125,0,0] Assertion `ind >=0 && ind < ind_dim_size && "vectorized gather kernel index out of bounds"` failed.
/pytorch/aten/src/ATen/native/cuda/IndexKernelUtils.cu:16: vectorized_gather_kernel: block: [1024,0,0], thread: [126,0,0] Assertion `ind >=0 && ind < ind_dim_size && "vectorized gather kernel index out of bounds"` failed.
/pytorch/aten/src/ATen/native/cuda/IndexKernelUtils.cu:16: vectorized_gather_kernel: block: [1024,0,0], thread: [127,0,0] Assertion `ind >=0 && ind < ind_dim_size && "vectorized gather kernel index out of bounds"` failed.
/pytorch/aten/src/ATen/native/cuda/IndexKernelUtils.cu:16: vectorized_gather_kernel: block: [1024,0,0], thread: [160,0,0] Assertion `ind >=0 && ind < ind_dim_size && "vectorized gather kernel index out of bounds"` failed.
/pytorch/aten/src/ATen/native/cuda/IndexKernelUtils.cu:16: vectorized_gather_kernel: block: [1024,0,0], thread: [161,0,0] Assertion `ind >=0 && ind < ind_dim_size && "vectorized gather kernel index out of bounds"` failed.
/pytorch/aten/src/ATen/native/cuda/IndexKernelUtils.cu:16: vectorized_gather_kernel: block: [1024,0,0], thread: [162,0,0] Assertion `ind >=0 && ind < ind_dim_size && "vectorized gather kernel index out of bounds"` failed.
/pytorch/aten/src/ATen/native/cuda/IndexKernelUtils.cu:16: vectorized_gather_kernel: block: [1024,0,0], thread: [163,0,0] Assertion `ind >=0 && ind < ind_dim_size && "vectorized gather kernel index out of bounds"` failed.
/pytorch/aten/src/ATen/native/cuda/IndexKernelUtils.cu:16: vectorized_gather_kernel: block: [1024,0,0], thread: [164,0,0] Assertion `ind >=0 && ind < ind_dim_size && "vectorized gather kernel index out of bounds"` failed.
/pytorch/aten/src/ATen/native/cuda/IndexKernelUtils.cu:16: vectorized_gather_kernel: block: [1024,0,0], thread: [165,0,0] Assertion `ind >=0 && ind < ind_dim_size && "vectorized gather kernel index out of bounds"` failed.
/pytorch/aten/src/ATen/native/cuda/IndexKernelUtils.cu:16: vectorized_gather_kernel: block: [1024,0,0], thread: [166,0,0] Assertion `ind >=0 && ind < ind_dim_size && "vectorized gather kernel index out of bounds"` failed.
/pytorch/aten/src/ATen/native/cuda/IndexKernelUtils.cu:16: vectorized_gather_kernel: block: [1024,0,0], thread: [167,0,0] Assertion `ind >=0 && ind < ind_dim_size && "vectorized gather kernel index out of bounds"` failed.
/pytorch/aten/src/ATen/native/cuda/IndexKernelUtils.cu:16: vectorized_gather_kernel: block: [1024,0,0], thread: [168,0,0] Assertion `ind >=0 && ind < ind_dim_size && "vectorized gather kernel index out of bounds"` failed.
/pytorch/aten/src/ATen/native/cuda/IndexKernelUtils.cu:16: vectorized_gather_kernel: block: [1024,0,0], thread: [169,0,0] Assertion `ind >=0 && ind < ind_dim_size && "vectorized gather kernel index out of bounds"` failed.
/pytorch/aten/src/ATen/native/cuda/IndexKernelUtils.cu:16: vectorized_gather_kernel: block: [1024,0,0], thread: [170,0,0] Assertion `ind >=0 && ind < ind_dim_size && "vectorized gather kernel index out of bounds"` failed.
/pytorch/aten/src/ATen/native/cuda/IndexKernelUtils.cu:16: vectorized_gather_kernel: block: [1024,0,0], thread: [171,0,0] Assertion `ind >=0 && ind < ind_dim_size && "vectorized gather kernel index out of bounds"` failed.
/pytorch/aten/src/ATen/native/cuda/IndexKernelUtils.cu:16: vectorized_gather_kernel: block: [1024,0,0], thread: [172,0,0] Assertion `ind >=0 && ind < ind_dim_size && "vectorized gather kernel index out of bounds"` failed.
/pytorch/aten/src/ATen/native/cuda/IndexKernelUtils.cu:16: vectorized_gather_kernel: block: [1024,0,0], thread: [173,0,0] Assertion `ind >=0 && ind < ind_dim_size && "vectorized gather kernel index out of bounds"` failed.
/pytorch/aten/src/ATen/native/cuda/IndexKernelUtils.cu:16: vectorized_gather_kernel: block: [1024,0,0], thread: [174,0,0] Assertion `ind >=0 && ind < ind_dim_size && "vectorized gather kernel index out of bounds"` failed.
/pytorch/aten/src/ATen/native/cuda/IndexKernelUtils.cu:16: vectorized_gather_kernel: block: [1024,0,0], thread: [175,0,0] Assertion `ind >=0 && ind < ind_dim_size && "vectorized gather kernel index out of bounds"` failed.
/pytorch/aten/src/ATen/native/cuda/IndexKernelUtils.cu:16: vectorized_gather_kernel: block: [1024,0,0], thread: [176,0,0] Assertion `ind >=0 && ind < ind_dim_size && "vectorized gather kernel index out of bounds"` failed.
/pytorch/aten/src/ATen/native/cuda/IndexKernelUtils.cu:16: vectorized_gather_kernel: block: [1024,0,0], thread: [177,0,0] Assertion `ind >=0 && ind < ind_dim_size && "vectorized gather kernel index out of bounds"` failed.
/pytorch/aten/src/ATen/native/cuda/IndexKernelUtils.cu:16: vectorized_gather_kernel: block: [1024,0,0], thread: [178,0,0] Assertion `ind >=0 && ind < ind_dim_size && "vectorized gather kernel index out of bounds"` failed.
/pytorch/aten/src/ATen/native/cuda/IndexKernelUtils.cu:16: vectorized_gather_kernel: block: [1024,0,0], thread: [179,0,0] Assertion `ind >=0 && ind < ind_dim_size && "vectorized gather kernel index out of bounds"` failed.
/pytorch/aten/src/ATen/native/cuda/IndexKernelUtils.cu:16: vectorized_gather_kernel: block: [1024,0,0], thread: [180,0,0] Assertion `ind >=0 && ind < ind_dim_size && "vectorized gather kernel index out of bounds"` failed.
/pytorch/aten/src/ATen/native/cuda/IndexKernelUtils.cu:16: vectorized_gather_kernel: block: [1024,0,0], thread: [181,0,0] Assertion `ind >=0 && ind < ind_dim_size && "vectorized gather kernel index out of bounds"` failed.
/pytorch/aten/src/ATen/native/cuda/IndexKernelUtils.cu:16: vectorized_gather_kernel: block: [1024,0,0], thread: [182,0,0] Assertion `ind >=0 && ind < ind_dim_size && "vectorized gather kernel index out of bounds"` failed.
/pytorch/aten/src/ATen/native/cuda/IndexKernelUtils.cu:16: vectorized_gather_kernel: block: [1024,0,0], thread: [183,0,0] Assertion `ind >=0 && ind < ind_dim_size && "vectorized gather kernel index out of bounds"` failed.
/pytorch/aten/src/ATen/native/cuda/IndexKernelUtils.cu:16: vectorized_gather_kernel: block: [1024,0,0], thread: [184,0,0] Assertion `ind >=0 && ind < ind_dim_size && "vectorized gather kernel index out of bounds"` failed.
/pytorch/aten/src/ATen/native/cuda/IndexKernelUtils.cu:16: vectorized_gather_kernel: block: [1024,0,0], thread: [185,0,0] Assertion `ind >=0 && ind < ind_dim_size && "vectorized gather kernel index out of bounds"` failed.
/pytorch/aten/src/ATen/native/cuda/IndexKernelUtils.cu:16: vectorized_gather_kernel: block: [1024,0,0], thread: [186,0,0] Assertion `ind >=0 && ind < ind_dim_size && "vectorized gather kernel index out of bounds"` failed.
/pytorch/aten/src/ATen/native/cuda/IndexKernelUtils.cu:16: vectorized_gather_kernel: block: [1024,0,0], thread: [187,0,0] Assertion `ind >=0 && ind < ind_dim_size && "vectorized gather kernel index out of bounds"` failed.
/pytorch/aten/src/ATen/native/cuda/IndexKernelUtils.cu:16: vectorized_gather_kernel: block: [1024,0,0], thread: [188,0,0] Assertion `ind >=0 && ind < ind_dim_size && "vectorized gather kernel index out of bounds"` failed.
/pytorch/aten/src/ATen/native/cuda/IndexKernelUtils.cu:16: vectorized_gather_kernel: block: [1024,0,0], thread: [189,0,0] Assertion `ind >=0 && ind < ind_dim_size && "vectorized gather kernel index out of bounds"` failed.
/pytorch/aten/src/ATen/native/cuda/IndexKernelUtils.cu:16: vectorized_gather_kernel: block: [1024,0,0], thread: [190,0,0] Assertion `ind >=0 && ind < ind_dim_size && "vectorized gather kernel index out of bounds"` failed.
/pytorch/aten/src/ATen/native/cuda/IndexKernelUtils.cu:16: vectorized_gather_kernel: block: [1024,0,0], thread: [191,0,0] Assertion `ind >=0 && ind < ind_dim_size && "vectorized gather kernel index out of bounds"` failed.
/pytorch/aten/src/ATen/native/cuda/IndexKernelUtils.cu:16: vectorized_gather_kernel: block: [1024,0,0], thread: [128,0,0] Assertion `ind >=0 && ind < ind_dim_size && "vectorized gather kernel index out of bounds"` failed.
/pytorch/aten/src/ATen/native/cuda/IndexKernelUtils.cu:16: vectorized_gather_kernel: block: [1024,0,0], thread: [129,0,0] Assertion `ind >=0 && ind < ind_dim_size && "vectorized gather kernel index out of bounds"` failed.
/pytorch/aten/src/ATen/native/cuda/IndexKernelUtils.cu:16: vectorized_gather_kernel: block: [1024,0,0], thread: [130,0,0] Assertion `ind >=0 && ind < ind_dim_size && "vectorized gather kernel index out of bounds"` failed.
/pytorch/aten/src/ATen/native/cuda/IndexKernelUtils.cu:16: vectorized_gather_kernel: block: [1024,0,0], thread: [131,0,0] Assertion `ind >=0 && ind < ind_dim_size && "vectorized gather kernel index out of bounds"` failed.
/pytorch/aten/src/ATen/native/cuda/IndexKernelUtils.cu:16: vectorized_gather_kernel: block: [1024,0,0], thread: [132,0,0] Assertion `ind >=0 && ind < ind_dim_size && "vectorized gather kernel index out of bounds"` failed.
/pytorch/aten/src/ATen/native/cuda/IndexKernelUtils.cu:16: vectorized_gather_kernel: block: [1024,0,0], thread: [133,0,0] Assertion `ind >=0 && ind < ind_dim_size && "vectorized gather kernel index out of bounds"` failed.
/pytorch/aten/src/ATen/native/cuda/IndexKernelUtils.cu:16: vectorized_gather_kernel: block: [1024,0,0], thread: [134,0,0] Assertion `ind >=0 && ind < ind_dim_size && "vectorized gather kernel index out of bounds"` failed.
/pytorch/aten/src/ATen/native/cuda/IndexKernelUtils.cu:16: vectorized_gather_kernel: block: [1024,0,0], thread: [135,0,0] Assertion `ind >=0 && ind < ind_dim_size && "vectorized gather kernel index out of bounds"` failed.
/pytorch/aten/src/ATen/native/cuda/IndexKernelUtils.cu:16: vectorized_gather_kernel: block: [1024,0,0], thread: [136,0,0] Assertion `ind >=0 && ind < ind_dim_size && "vectorized gather kernel index out of bounds"` failed.
/pytorch/aten/src/ATen/native/cuda/IndexKernelUtils.cu:16: vectorized_gather_kernel: block: [1024,0,0], thread: [137,0,0] Assertion `ind >=0 && ind < ind_dim_size && "vectorized gather kernel index out of bounds"` failed.
/pytorch/aten/src/ATen/native/cuda/IndexKernelUtils.cu:16: vectorized_gather_kernel: block: [1024,0,0], thread: [138,0,0] Assertion `ind >=0 && ind < ind_dim_size && "vectorized gather kernel index out of bounds"` failed.
/pytorch/aten/src/ATen/native/cuda/IndexKernelUtils.cu:16: vectorized_gather_kernel: block: [1024,0,0], thread: [139,0,0] Assertion `ind >=0 && ind < ind_dim_size && "vectorized gather kernel index out of bounds"` failed.
/pytorch/aten/src/ATen/native/cuda/IndexKernelUtils.cu:16: vectorized_gather_kernel: block: [1024,0,0], thread: [140,0,0] Assertion `ind >=0 && ind < ind_dim_size && "vectorized gather kernel index out of bounds"` failed.
/pytorch/aten/src/ATen/native/cuda/IndexKernelUtils.cu:16: vectorized_gather_kernel: block: [1024,0,0], thread: [141,0,0] Assertion `ind >=0 && ind < ind_dim_size && "vectorized gather kernel index out of bounds"` failed.
/pytorch/aten/src/ATen/native/cuda/IndexKernelUtils.cu:16: vectorized_gather_kernel: block: [1024,0,0], thread: [142,0,0] Assertion `ind >=0 && ind < ind_dim_size && "vectorized gather kernel index out of bounds"` failed.
/pytorch/aten/src/ATen/native/cuda/IndexKernelUtils.cu:16: vectorized_gather_kernel: block: [1024,0,0], thread: [143,0,0] Assertion `ind >=0 && ind < ind_dim_size && "vectorized gather kernel index out of bounds"` failed.
/pytorch/aten/src/ATen/native/cuda/IndexKernelUtils.cu:16: vectorized_gather_kernel: block: [1024,0,0], thread: [144,0,0] Assertion `ind >=0 && ind < ind_dim_size && "vectorized gather kernel index out of bounds"` failed.
/pytorch/aten/src/ATen/native/cuda/IndexKernelUtils.cu:16: vectorized_gather_kernel: block: [1024,0,0], thread: [145,0,0] Assertion `ind >=0 && ind < ind_dim_size && "vectorized gather kernel index out of bounds"` failed.
/pytorch/aten/src/ATen/native/cuda/IndexKernelUtils.cu:16: vectorized_gather_kernel: block: [1024,0,0], thread: [146,0,0] Assertion `ind >=0 && ind < ind_dim_size && "vectorized gather kernel index out of bounds"` failed.
/pytorch/aten/src/ATen/native/cuda/IndexKernelUtils.cu:16: vectorized_gather_kernel: block: [1024,0,0], thread: [147,0,0] Assertion `ind >=0 && ind < ind_dim_size && "vectorized gather kernel index out of bounds"` failed.
/pytorch/aten/src/ATen/native/cuda/IndexKernelUtils.cu:16: vectorized_gather_kernel: block: [1024,0,0], thread: [148,0,0] Assertion `ind >=0 && ind < ind_dim_size && "vectorized gather kernel index out of bounds"` failed.
/pytorch/aten/src/ATen/native/cuda/IndexKernelUtils.cu:16: vectorized_gather_kernel: block: [1024,0,0], thread: [149,0,0] Assertion `ind >=0 && ind < ind_dim_size && "vectorized gather kernel index out of bounds"` failed.
/pytorch/aten/src/ATen/native/cuda/IndexKernelUtils.cu:16: vectorized_gather_kernel: block: [1024,0,0], thread: [150,0,0] Assertion `ind >=0 && ind < ind_dim_size && "vectorized gather kernel index out of bounds"` failed.
/pytorch/aten/src/ATen/native/cuda/IndexKernelUtils.cu:16: vectorized_gather_kernel: block: [1024,0,0], thread: [151,0,0] Assertion `ind >=0 && ind < ind_dim_size && "vectorized gather kernel index out of bounds"` failed.
/pytorch/aten/src/ATen/native/cuda/IndexKernelUtils.cu:16: vectorized_gather_kernel: block: [1024,0,0], thread: [152,0,0] Assertion `ind >=0 && ind < ind_dim_size && "vectorized gather kernel index out of bounds"` failed.
/pytorch/aten/src/ATen/native/cuda/IndexKernelUtils.cu:16: vectorized_gather_kernel: block: [1024,0,0], thread: [153,0,0] Assertion `ind >=0 && ind < ind_dim_size && "vectorized gather kernel index out of bounds"` failed.
/pytorch/aten/src/ATen/native/cuda/IndexKernelUtils.cu:16: vectorized_gather_kernel: block: [1024,0,0], thread: [154,0,0] Assertion `ind >=0 && ind < ind_dim_size && "vectorized gather kernel index out of bounds"` failed.
/pytorch/aten/src/ATen/native/cuda/IndexKernelUtils.cu:16: vectorized_gather_kernel: block: [1024,0,0], thread: [155,0,0] Assertion `ind >=0 && ind < ind_dim_size && "vectorized gather kernel index out of bounds"` failed.
/pytorch/aten/src/ATen/native/cuda/IndexKernelUtils.cu:16: vectorized_gather_kernel: block: [1024,0,0], thread: [156,0,0] Assertion `ind >=0 && ind < ind_dim_size && "vectorized gather kernel index out of bounds"` failed.
/pytorch/aten/src/ATen/native/cuda/IndexKernelUtils.cu:16: vectorized_gather_kernel: block: [1024,0,0], thread: [157,0,0] Assertion `ind >=0 && ind < ind_dim_size && "vectorized gather kernel index out of bounds"` failed.
/pytorch/aten/src/ATen/native/cuda/IndexKernelUtils.cu:16: vectorized_gather_kernel: block: [1024,0,0], thread: [158,0,0] Assertion `ind >=0 && ind < ind_dim_size && "vectorized gather kernel index out of bounds"` failed.
/pytorch/aten/src/ATen/native/cuda/IndexKernelUtils.cu:16: vectorized_gather_kernel: block: [1024,0,0], thread: [159,0,0] Assertion `ind >=0 && ind < ind_dim_size && "vectorized gather kernel index out of bounds"` failed.
/pytorch/aten/src/ATen/native/cuda/IndexKernelUtils.cu:16: vectorized_gather_kernel: block: [1024,0,0], thread: [32,0,0] Assertion `ind >=0 && ind < ind_dim_size && "vectorized gather kernel index out of bounds"` failed.
/pytorch/aten/src/ATen/native/cuda/IndexKernelUtils.cu:16: vectorized_gather_kernel: block: [1024,0,0], thread: [33,0,0] Assertion `ind >=0 && ind < ind_dim_size && "vectorized gather kernel index out of bounds"` failed.
/pytorch/aten/src/ATen/native/cuda/IndexKernelUtils.cu:16: vectorized_gather_kernel: block: [1024,0,0], thread: [34,0,0] Assertion `ind >=0 && ind < ind_dim_size && "vectorized gather kernel index out of bounds"` failed.
/pytorch/aten/src/ATen/native/cuda/IndexKernelUtils.cu:16: vectorized_gather_kernel: block: [1024,0,0], thread: [35,0,0] Assertion `ind >=0 && ind < ind_dim_size && "vectorized gather kernel index out of bounds"` failed.
/pytorch/aten/src/ATen/native/cuda/IndexKernelUtils.cu:16: vectorized_gather_kernel: block: [1024,0,0], thread: [36,0,0] Assertion `ind >=0 && ind < ind_dim_size && "vectorized gather kernel index out of bounds"` failed.
/pytorch/aten/src/ATen/native/cuda/IndexKernelUtils.cu:16: vectorized_gather_kernel: block: [1024,0,0], thread: [37,0,0] Assertion `ind >=0 && ind < ind_dim_size && "vectorized gather kernel index out of bounds"` failed.
/pytorch/aten/src/ATen/native/cuda/IndexKernelUtils.cu:16: vectorized_gather_kernel: block: [1024,0,0], thread: [38,0,0] Assertion `ind >=0 && ind < ind_dim_size && "vectorized gather kernel index out of bounds"` failed.
/pytorch/aten/src/ATen/native/cuda/IndexKernelUtils.cu:16: vectorized_gather_kernel: block: [1024,0,0], thread: [39,0,0] Assertion `ind >=0 && ind < ind_dim_size && "vectorized gather kernel index out of bounds"` failed.
/pytorch/aten/src/ATen/native/cuda/IndexKernelUtils.cu:16: vectorized_gather_kernel: block: [1024,0,0], thread: [40,0,0] Assertion `ind >=0 && ind < ind_dim_size && "vectorized gather kernel index out of bounds"` failed.
/pytorch/aten/src/ATen/native/cuda/IndexKernelUtils.cu:16: vectorized_gather_kernel: block: [1024,0,0], thread: [41,0,0] Assertion `ind >=0 && ind < ind_dim_size && "vectorized gather kernel index out of bounds"` failed.
/pytorch/aten/src/ATen/native/cuda/IndexKernelUtils.cu:16: vectorized_gather_kernel: block: [1024,0,0], thread: [42,0,0] Assertion `ind >=0 && ind < ind_dim_size && "vectorized gather kernel index out of bounds"` failed.
/pytorch/aten/src/ATen/native/cuda/IndexKernelUtils.cu:16: vectorized_gather_kernel: block: [1024,0,0], thread: [43,0,0] Assertion `ind >=0 && ind < ind_dim_size && "vectorized gather kernel index out of bounds"` failed.
/pytorch/aten/src/ATen/native/cuda/IndexKernelUtils.cu:16: vectorized_gather_kernel: block: [1024,0,0], thread: [44,0,0] Assertion `ind >=0 && ind < ind_dim_size && "vectorized gather kernel index out of bounds"` failed.
/pytorch/aten/src/ATen/native/cuda/IndexKernelUtils.cu:16: vectorized_gather_kernel: block: [1024,0,0], thread: [45,0,0] Assertion `ind >=0 && ind < ind_dim_size && "vectorized gather kernel index out of bounds"` failed.
/pytorch/aten/src/ATen/native/cuda/IndexKernelUtils.cu:16: vectorized_gather_kernel: block: [1024,0,0], thread: [46,0,0] Assertion `ind >=0 && ind < ind_dim_size && "vectorized gather kernel index out of bounds"` failed.
/pytorch/aten/src/ATen/native/cuda/IndexKernelUtils.cu:16: vectorized_gather_kernel: block: [1024,0,0], thread: [47,0,0] Assertion `ind >=0 && ind < ind_dim_size && "vectorized gather kernel index out of bounds"` failed.
/pytorch/aten/src/ATen/native/cuda/IndexKernelUtils.cu:16: vectorized_gather_kernel: block: [1024,0,0], thread: [48,0,0] Assertion `ind >=0 && ind < ind_dim_size && "vectorized gather kernel index out of bounds"` failed.
/pytorch/aten/src/ATen/native/cuda/IndexKernelUtils.cu:16: vectorized_gather_kernel: block: [1024,0,0], thread: [49,0,0] Assertion `ind >=0 && ind < ind_dim_size && "vectorized gather kernel index out of bounds"` failed.
/pytorch/aten/src/ATen/native/cuda/IndexKernelUtils.cu:16: vectorized_gather_kernel: block: [1024,0,0], thread: [50,0,0] Assertion `ind >=0 && ind < ind_dim_size && "vectorized gather kernel index out of bounds"` failed.
/pytorch/aten/src/ATen/native/cuda/IndexKernelUtils.cu:16: vectorized_gather_kernel: block: [1024,0,0], thread: [51,0,0] Assertion `ind >=0 && ind < ind_dim_size && "vectorized gather kernel index out of bounds"` failed.
/pytorch/aten/src/ATen/native/cuda/IndexKernelUtils.cu:16: vectorized_gather_kernel: block: [1024,0,0], thread: [52,0,0] Assertion `ind >=0 && ind < ind_dim_size && "vectorized gather kernel index out of bounds"` failed.
/pytorch/aten/src/ATen/native/cuda/IndexKernelUtils.cu:16: vectorized_gather_kernel: block: [1024,0,0], thread: [53,0,0] Assertion `ind >=0 && ind < ind_dim_size && "vectorized gather kernel index out of bounds"` failed.
/pytorch/aten/src/ATen/native/cuda/IndexKernelUtils.cu:16: vectorized_gather_kernel: block: [1024,0,0], thread: [54,0,0] Assertion `ind >=0 && ind < ind_dim_size && "vectorized gather kernel index out of bounds"` failed.
/pytorch/aten/src/ATen/native/cuda/IndexKernelUtils.cu:16: vectorized_gather_kernel: block: [1024,0,0], thread: [55,0,0] Assertion `ind >=0 && ind < ind_dim_size && "vectorized gather kernel index out of bounds"` failed.
/pytorch/aten/src/ATen/native/cuda/IndexKernelUtils.cu:16: vectorized_gather_kernel: block: [1024,0,0], thread: [56,0,0] Assertion `ind >=0 && ind < ind_dim_size && "vectorized gather kernel index out of bounds"` failed.
/pytorch/aten/src/ATen/native/cuda/IndexKernelUtils.cu:16: vectorized_gather_kernel: block: [1024,0,0], thread: [57,0,0] Assertion `ind >=0 && ind < ind_dim_size && "vectorized gather kernel index out of bounds"` failed.
/pytorch/aten/src/ATen/native/cuda/IndexKernelUtils.cu:16: vectorized_gather_kernel: block: [1024,0,0], thread: [58,0,0] Assertion `ind >=0 && ind < ind_dim_size && "vectorized gather kernel index out of bounds"` failed.
/pytorch/aten/src/ATen/native/cuda/IndexKernelUtils.cu:16: vectorized_gather_kernel: block: [1024,0,0], thread: [59,0,0] Assertion `ind >=0 && ind < ind_dim_size && "vectorized gather kernel index out of bounds"` failed.
/pytorch/aten/src/ATen/native/cuda/IndexKernelUtils.cu:16: vectorized_gather_kernel: block: [1024,0,0], thread: [60,0,0] Assertion `ind >=0 && ind < ind_dim_size && "vectorized gather kernel index out of bounds"` failed.
/pytorch/aten/src/ATen/native/cuda/IndexKernelUtils.cu:16: vectorized_gather_kernel: block: [1024,0,0], thread: [61,0,0] Assertion `ind >=0 && ind < ind_dim_size && "vectorized gather kernel index out of bounds"` failed.
/pytorch/aten/src/ATen/native/cuda/IndexKernelUtils.cu:16: vectorized_gather_kernel: block: [1024,0,0], thread: [62,0,0] Assertion `ind >=0 && ind < ind_dim_size && "vectorized gather kernel index out of bounds"` failed.
/pytorch/aten/src/ATen/native/cuda/IndexKernelUtils.cu:16: vectorized_gather_kernel: block: [1024,0,0], thread: [63,0,0] Assertion `ind >=0 && ind < ind_dim_size && "vectorized gather kernel index out of bounds"` failed.
/pytorch/aten/src/ATen/native/cuda/IndexKernelUtils.cu:16: vectorized_gather_kernel: block: [1024,0,0], thread: [0,0,0] Assertion `ind >=0 && ind < ind_dim_size && "vectorized gather kernel index out of bounds"` failed.
/pytorch/aten/src/ATen/native/cuda/IndexKernelUtils.cu:16: vectorized_gather_kernel: block: [1024,0,0], thread: [1,0,0] Assertion `ind >=0 && ind < ind_dim_size && "vectorized gather kernel index out of bounds"` failed.
/pytorch/aten/src/ATen/native/cuda/IndexKernelUtils.cu:16: vectorized_gather_kernel: block: [1024,0,0], thread: [2,0,0] Assertion `ind >=0 && ind < ind_dim_size && "vectorized gather kernel index out of bounds"` failed.
/pytorch/aten/src/ATen/native/cuda/IndexKernelUtils.cu:16: vectorized_gather_kernel: block: [1024,0,0], thread: [3,0,0] Assertion `ind >=0 && ind < ind_dim_size && "vectorized gather kernel index out of bounds"` failed.
/pytorch/aten/src/ATen/native/cuda/IndexKernelUtils.cu:16: vectorized_gather_kernel: block: [1024,0,0], thread: [4,0,0] Assertion `ind >=0 && ind < ind_dim_size && "vectorized gather kernel index out of bounds"` failed.
/pytorch/aten/src/ATen/native/cuda/IndexKernelUtils.cu:16: vectorized_gather_kernel: block: [1024,0,0], thread: [5,0,0] Assertion `ind >=0 && ind < ind_dim_size && "vectorized gather kernel index out of bounds"` failed.
/pytorch/aten/src/ATen/native/cuda/IndexKernelUtils.cu:16: vectorized_gather_kernel: block: [1024,0,0], thread: [6,0,0] Assertion `ind >=0 && ind < ind_dim_size && "vectorized gather kernel index out of bounds"` failed.
/pytorch/aten/src/ATen/native/cuda/IndexKernelUtils.cu:16: vectorized_gather_kernel: block: [1024,0,0], thread: [7,0,0] Assertion `ind >=0 && ind < ind_dim_size && "vectorized gather kernel index out of bounds"` failed.
/pytorch/aten/src/ATen/native/cuda/IndexKernelUtils.cu:16: vectorized_gather_kernel: block: [1024,0,0], thread: [8,0,0] Assertion `ind >=0 && ind < ind_dim_size && "vectorized gather kernel index out of bounds"` failed.
/pytorch/aten/src/ATen/native/cuda/IndexKernelUtils.cu:16: vectorized_gather_kernel: block: [1024,0,0], thread: [9,0,0] Assertion `ind >=0 && ind < ind_dim_size && "vectorized gather kernel index out of bounds"` failed.
/pytorch/aten/src/ATen/native/cuda/IndexKernelUtils.cu:16: vectorized_gather_kernel: block: [1024,0,0], thread: [10,0,0] Assertion `ind >=0 && ind < ind_dim_size && "vectorized gather kernel index out of bounds"` failed.
/pytorch/aten/src/ATen/native/cuda/IndexKernelUtils.cu:16: vectorized_gather_kernel: block: [1024,0,0], thread: [11,0,0] Assertion `ind >=0 && ind < ind_dim_size && "vectorized gather kernel index out of bounds"` failed.
/pytorch/aten/src/ATen/native/cuda/IndexKernelUtils.cu:16: vectorized_gather_kernel: block: [1024,0,0], thread: [12,0,0] Assertion `ind >=0 && ind < ind_dim_size && "vectorized gather kernel index out of bounds"` failed.
/pytorch/aten/src/ATen/native/cuda/IndexKernelUtils.cu:16: vectorized_gather_kernel: block: [1024,0,0], thread: [13,0,0] Assertion `ind >=0 && ind < ind_dim_size && "vectorized gather kernel index out of bounds"` failed.
/pytorch/aten/src/ATen/native/cuda/IndexKernelUtils.cu:16: vectorized_gather_kernel: block: [1024,0,0], thread: [14,0,0] Assertion `ind >=0 && ind < ind_dim_size && "vectorized gather kernel index out of bounds"` failed.
/pytorch/aten/src/ATen/native/cuda/IndexKernelUtils.cu:16: vectorized_gather_kernel: block: [1024,0,0], thread: [15,0,0] Assertion `ind >=0 && ind < ind_dim_size && "vectorized gather kernel index out of bounds"` failed.
/pytorch/aten/src/ATen/native/cuda/IndexKernelUtils.cu:16: vectorized_gather_kernel: block: [1024,0,0], thread: [16,0,0] Assertion `ind >=0 && ind < ind_dim_size && "vectorized gather kernel index out of bounds"` failed.
/pytorch/aten/src/ATen/native/cuda/IndexKernelUtils.cu:16: vectorized_gather_kernel: block: [1024,0,0], thread: [17,0,0] Assertion `ind >=0 && ind < ind_dim_size && "vectorized gather kernel index out of bounds"` failed.
/pytorch/aten/src/ATen/native/cuda/IndexKernelUtils.cu:16: vectorized_gather_kernel: block: [1024,0,0], thread: [18,0,0] Assertion `ind >=0 && ind < ind_dim_size && "vectorized gather kernel index out of bounds"` failed.
/pytorch/aten/src/ATen/native/cuda/IndexKernelUtils.cu:16: vectorized_gather_kernel: block: [1024,0,0], thread: [19,0,0] Assertion `ind >=0 && ind < ind_dim_size && "vectorized gather kernel index out of bounds"` failed.
/pytorch/aten/src/ATen/native/cuda/IndexKernelUtils.cu:16: vectorized_gather_kernel: block: [1024,0,0], thread: [20,0,0] Assertion `ind >=0 && ind < ind_dim_size && "vectorized gather kernel index out of bounds"` failed.
/pytorch/aten/src/ATen/native/cuda/IndexKernelUtils.cu:16: vectorized_gather_kernel: block: [1024,0,0], thread: [21,0,0] Assertion `ind >=0 && ind < ind_dim_size && "vectorized gather kernel index out of bounds"` failed.
/pytorch/aten/src/ATen/native/cuda/IndexKernelUtils.cu:16: vectorized_gather_kernel: block: [1024,0,0], thread: [22,0,0] Assertion `ind >=0 && ind < ind_dim_size && "vectorized gather kernel index out of bounds"` failed.
/pytorch/aten/src/ATen/native/cuda/IndexKernelUtils.cu:16: vectorized_gather_kernel: block: [1024,0,0], thread: [23,0,0] Assertion `ind >=0 && ind < ind_dim_size && "vectorized gather kernel index out of bounds"` failed.
/pytorch/aten/src/ATen/native/cuda/IndexKernelUtils.cu:16: vectorized_gather_kernel: block: [1024,0,0], thread: [24,0,0] Assertion `ind >=0 && ind < ind_dim_size && "vectorized gather kernel index out of bounds"` failed.
/pytorch/aten/src/ATen/native/cuda/IndexKernelUtils.cu:16: vectorized_gather_kernel: block: [1024,0,0], thread: [25,0,0] Assertion `ind >=0 && ind < ind_dim_size && "vectorized gather kernel index out of bounds"` failed.
/pytorch/aten/src/ATen/native/cuda/IndexKernelUtils.cu:16: vectorized_gather_kernel: block: [1024,0,0], thread: [26,0,0] Assertion `ind >=0 && ind < ind_dim_size && "vectorized gather kernel index out of bounds"` failed.
/pytorch/aten/src/ATen/native/cuda/IndexKernelUtils.cu:16: vectorized_gather_kernel: block: [1024,0,0], thread: [27,0,0] Assertion `ind >=0 && ind < ind_dim_size && "vectorized gather kernel index out of bounds"` failed.
/pytorch/aten/src/ATen/native/cuda/IndexKernelUtils.cu:16: vectorized_gather_kernel: block: [1024,0,0], thread: [28,0,0] Assertion `ind >=0 && ind < ind_dim_size && "vectorized gather kernel index out of bounds"` failed.
/pytorch/aten/src/ATen/native/cuda/IndexKernelUtils.cu:16: vectorized_gather_kernel: block: [1024,0,0], thread: [29,0,0] Assertion `ind >=0 && ind < ind_dim_size && "vectorized gather kernel index out of bounds"` failed.
/pytorch/aten/src/ATen/native/cuda/IndexKernelUtils.cu:16: vectorized_gather_kernel: block: [1024,0,0], thread: [30,0,0] Assertion `ind >=0 && ind < ind_dim_size && "vectorized gather kernel index out of bounds"` failed.
/pytorch/aten/src/ATen/native/cuda/IndexKernelUtils.cu:16: vectorized_gather_kernel: block: [1024,0,0], thread: [31,0,0] Assertion `ind >=0 && ind < ind_dim_size && "vectorized gather kernel index out of bounds"` failed.
Loaded 150 pairs from /home/akamau/Impossible_projects/Mechanistic Interpretability/Activation Patching/reverse/pairs_reverse_gutenberg.json
  [96] SKIPPED due to error: AcceleratorError: CUDA error: device-side assert triggered
Search for `cudaErrorAssert' in https://docs.nvidia.com/cuda/cuda-runtime-api/group__CUDART__TYPES.html for more information.
CUDA kernel errors might be asynchronously reported at some other API call, so the stacktrace below might be incorrect.
For debugging consider passing CUDA_LAUNCH_BLOCKING=1
Compile with `TORCH_USE_CUDA_DSA` to enable device-side assertions.

        original  : We come next to the beautiful planet Saturn, whose mean distance from the sun is 886,000,000 miles. The distance varies 
        impossible: We come next to the beautiful planet Saturn , whose mean distance from the sun is 8 86 , 000 , 000 miles . The distance 
  CUDA error detected -- GPU context likely corrupted. Stopping this run; rerun to pick up remaining sentences (or exclude the triggering sentence and rerun).

Total words: 4221  Dropped: 2433  Match rate: 0.4236
Sentences: 44 active, 52 brittle (threshold=0.3)
Skipped due to errors: 1 / 150 attempted
Markers: 96 total, 0 survived, survival_rate=0.0000
Saved: /home/akamau/Impossible_projects/Mechanistic Interpretability/Information Flow Analysis/reverse/ifa_textprep_reverse_gutenberg.json
