Warning: You are sending unauthenticated requests to the HF Hub. Please set a HF_TOKEN to enable higher rate limits and faster downloads.
Loaded textprep: 150 sentences total
Active sentences (used for main curves): 15
Global split: 12 train sentences, 3 test sentences
  baseline_loss[pos] = 0.692876739738362  (n=43)
  baseline_loss[dep_rel] = 0.3622105690409063  (n=34)
  baseline_loss[arc_dir] = 0.6777099433530153  (n=194)
  baseline_loss[phrase_role] = 0.6924611526116137  (n=81)

=== Model: Base GPT-2 (gpt2) ===
Loading weights:   0%|          | 0/148 [00:00<?, ?it/s]Loading weights: 100%|██████████| 148/148 [00:00<00:00, 2205.03it/s]
Loaded pretrained model gpt2 into HookedTransformer
Moving model to device:  cuda
  Condition: original
    pos: NO layers passed the 20-token threshold
    dep_rel: NO layers passed the 20-token threshold
    arc_dir: 13/13 layers kept, peak V-info=-0.2254 at layer 0
    phrase_role: NO layers passed the 20-token threshold
  Condition: impossible
    pos: NO layers passed the 20-token threshold
    dep_rel: NO layers passed the 20-token threshold
    arc_dir: 13/13 layers kept, peak V-info=-0.2557 at layer 0
    phrase_role: NO layers passed the 20-token threshold
  Condition: recovered
    pos: NO layers passed the 20-token threshold
    dep_rel: NO layers passed the 20-token threshold
    arc_dir: 13/13 layers kept, peak V-info=-0.2638 at layer 7
    phrase_role: NO layers passed the 20-token threshold

=== Model: Kallini (mission-impossible-lms/deterministic-shuffle-s57-gpt2) ===
Loading weights:   0%|          | 0/148 [00:00<?, ?it/s]Loading weights: 100%|██████████| 148/148 [00:00<00:00, 1707.40it/s]
Loaded pretrained model gpt2 into HookedTransformer
Moving model to device:  cuda
  Condition: original
    pos: NO layers passed the 20-token threshold
    dep_rel: NO layers passed the 20-token threshold
    arc_dir: 13/13 layers kept, peak V-info=-0.0048 at layer 0
    phrase_role: NO layers passed the 20-token threshold
  Condition: impossible
    pos: NO layers passed the 20-token threshold
    dep_rel: NO layers passed the 20-token threshold
    arc_dir: 13/13 layers kept, peak V-info=-0.1745 at layer 0
    phrase_role: NO layers passed the 20-token threshold
  Condition: recovered
    pos: NO layers passed the 20-token threshold
    dep_rel: NO layers passed the 20-token threshold
    arc_dir: 13/13 layers kept, peak V-info=-0.6504 at layer 9
    phrase_role: NO layers passed the 20-token threshold

=== Model: Recovery (amirhoseinMhmD/gutenberg-fullshuffle-s57) ===
Loading weights:   0%|          | 0/148 [00:00<?, ?it/s]Loading weights:  89%|████████▉ | 132/148 [00:00<00:00, 1315.41it/s]Loading weights: 100%|██████████| 148/148 [00:00<00:00, 1415.38it/s]
Loaded pretrained model gpt2 into HookedTransformer
Moving model to device:  cuda
  Condition: original
    pos: NO layers passed the 20-token threshold
    dep_rel: NO layers passed the 20-token threshold
    arc_dir: 13/13 layers kept, peak V-info=-0.0196 at layer 0
    phrase_role: NO layers passed the 20-token threshold
  Condition: impossible
    pos: NO layers passed the 20-token threshold
    dep_rel: NO layers passed the 20-token threshold
    arc_dir: 13/13 layers kept, peak V-info=-0.2222 at layer 0
    phrase_role: NO layers passed the 20-token threshold
  Condition: recovered
    pos: NO layers passed the 20-token threshold
    dep_rel: NO layers passed the 20-token threshold
    arc_dir: 13/13 layers kept, peak V-info=-0.6093 at layer 11
    phrase_role: NO layers passed the 20-token threshold

Saved: /home/akamau/Impossible_projects/Mechanistic Interpretability/Information Flow Analysis/fullshuffle/ifa_vinfo_fullshuffle_gutenberg.json
